<?xml version="1.0" encoding="UTF-8"?>
<!-- Generated by org.testng.reporters.JUnitReportReporter -->
<testsuite hostname="Sandesh" failures="0" tests="1" name="ExtentReport.AttachScreenshot" time="34.722" errors="0" timestamp="2024-06-06T08:23:33 IST" skipped="0">
  <testcase classname="ExtentReport.AttachScreenshot" name="screenshot" time="34.722"/>
  <system-out/>
</testsuite> <!-- ExtentReport.AttachScreenshot -->
