<?xml version="1.0" encoding="UTF-8"?>
<!-- Generated by org.testng.reporters.JUnitReportReporter -->
<testsuite hostname="Sandesh" failures="0" tests="1" name="ExtentReport.LearningExtentReport" time="0.717" errors="0" timestamp="2024-06-04T09:21:35 IST" skipped="0">
  <testcase classname="ExtentReport.LearningExtentReport" name="report" time="0.717"/>
  <system-out/>
</testsuite> <!-- ExtentReport.LearningExtentReport -->
