<?xml version="1.0" encoding="UTF-8"?>
<!-- Generated by org.testng.reporters.JUnitReportReporter -->
<testsuite hostname="Sandesh" failures="0" tests="1" name="ObjectRepository.LoginPage" time="39.847" errors="0" timestamp="2024-05-30T09:22:21 IST" skipped="0">
  <testcase classname="ObjectRepository.LoginPage" name="test" time="39.847"/>
  <system-out/>
</testsuite> <!-- ObjectRepository.LoginPage -->
